{"F:\\react_p\\src\\RestaurentMenu.js": {"path":"F:\\react_p\\src\\RestaurentMenu.js","statementMap":{"0":{"start":{"line":7,"column":23},"end":{"line":42,"column":1}},"1":{"start":{"line":8,"column":20},"end":{"line":8,"column":31}},"2":{"start":{"line":9,"column":18},"end":{"line":9,"column":42}},"3":{"start":{"line":11,"column":36},"end":{"line":11,"column":46}},"4":{"start":{"line":13,"column":2},"end":{"line":13,"column":43}},"5":{"start":{"line":13,"column":24},"end":{"line":13,"column":43}},"6":{"start":{"line":15,"column":45},"end":{"line":15,"column":52}},"7":{"start":{"line":16,"column":48},"end":{"line":16,"column":62}},"8":{"start":{"line":22,"column":2},"end":{"line":41,"column":4}},"9":{"start":{"line":30,"column":10},"end":{"line":35,"column":12}},"10":{"start":{"line":34,"column":32},"end":{"line":34,"column":51}}},"fnMap":{"0":{"name":"(anonymous_0)","decl":{"start":{"line":7,"column":23},"end":{"line":7,"column":24}},"loc":{"start":{"line":7,"column":29},"end":{"line":42,"column":1}},"line":7},"1":{"name":"(anonymous_1)","decl":{"start":{"line":29,"column":27},"end":{"line":29,"column":28}},"loc":{"start":{"line":30,"column":10},"end":{"line":35,"column":12}},"line":30},"2":{"name":"(anonymous_2)","decl":{"start":{"line":34,"column":26},"end":{"line":34,"column":27}},"loc":{"start":{"line":34,"column":32},"end":{"line":34,"column":51}},"line":34}},"branchMap":{"0":{"loc":{"start":{"line":13,"column":2},"end":{"line":13,"column":43}},"type":"if","locations":[{"start":{"line":13,"column":2},"end":{"line":13,"column":43}},{"start":{},"end":{}}],"line":13},"1":{"loc":{"start":{"line":28,"column":7},"end":{"line":39,"column":7}},"type":"cond-expr","locations":[{"start":{"line":29,"column":8},"end":{"line":36,"column":10}},{"start":{"line":38,"column":8},"end":{"line":38,"column":34}}],"line":28},"2":{"loc":{"start":{"line":33,"column":23},"end":{"line":33,"column":56}},"type":"cond-expr","locations":[{"start":{"line":33,"column":44},"end":{"line":33,"column":48}},{"start":{"line":33,"column":51},"end":{"line":33,"column":56}}],"line":33}},"s":{"0":1,"1":2,"2":2,"3":2,"4":2,"5":1,"6":1,"7":1,"8":1,"9":8,"10":0},"f":{"0":2,"1":8,"2":0},"b":{"0":[1,1],"1":[1,0],"2":[0,8]},"_coverageSchema":"1a1c01bbd47fc00a2c39e90264f33305004495a9","hash":"85a076f88d7401754aac360a1bb92b5427eb485a"}
,"F:\\react_p\\src\\components\\Body.js": {"path":"F:\\react_p\\src\\components\\Body.js","statementMap":{"0":{"start":{"line":7,"column":13},"end":{"line":195,"column":1}},"1":{"start":{"line":8,"column":52},"end":{"line":8,"column":64}},"2":{"start":{"line":9,"column":54},"end":{"line":9,"column":64}},"3":{"start":{"line":11,"column":38},"end":{"line":11,"column":50}},"4":{"start":{"line":13,"column":2},"end":{"line":15,"column":9}},"5":{"start":{"line":14,"column":4},"end":{"line":14,"column":16}},"6":{"start":{"line":17,"column":20},"end":{"line":41,"column":3}},"7":{"start":{"line":18,"column":4},"end":{"line":40,"column":5}},"8":{"start":{"line":19,"column":23},"end":{"line":23,"column":7}},"9":{"start":{"line":24,"column":19},"end":{"line":24,"column":40}},"10":{"start":{"line":25,"column":6},"end":{"line":25,"column":35}},"11":{"start":{"line":27,"column":24},"end":{"line":27,"column":26}},"12":{"start":{"line":28,"column":6},"end":{"line":34,"column":7}},"13":{"start":{"line":28,"column":19},"end":{"line":28,"column":20}},"14":{"start":{"line":29,"column":21},"end":{"line":29,"column":39}},"15":{"start":{"line":30,"column":8},"end":{"line":33,"column":9}},"16":{"start":{"line":31,"column":10},"end":{"line":31,"column":78}},"17":{"start":{"line":32,"column":10},"end":{"line":32,"column":16}},"18":{"start":{"line":36,"column":6},"end":{"line":36,"column":40}},"19":{"start":{"line":37,"column":6},"end":{"line":37,"column":41}},"20":{"start":{"line":39,"column":6},"end":{"line":39,"column":51}},"21":{"start":{"line":44,"column":23},"end":{"line":44,"column":40}},"22":{"start":{"line":49,"column":2},"end":{"line":56,"column":3}},"23":{"start":{"line":50,"column":4},"end":{"line":55,"column":6}},"24":{"start":{"line":100,"column":24},"end":{"line":118,"column":3}},"25":{"start":{"line":101,"column":4},"end":{"line":104,"column":5}},"26":{"start":{"line":102,"column":6},"end":{"line":102,"column":47}},"27":{"start":{"line":103,"column":6},"end":{"line":103,"column":13}},"28":{"start":{"line":105,"column":30},"end":{"line":116,"column":4}},"29":{"start":{"line":106,"column":44},"end":{"line":106,"column":52}},"30":{"start":{"line":107,"column":24},"end":{"line":107,"column":48}},"31":{"start":{"line":109,"column":4},"end":{"line":115,"column":6}},"32":{"start":{"line":112,"column":8},"end":{"line":112,"column":48}},"33":{"start":{"line":117,"column":4},"end":{"line":117,"column":45}},"34":{"start":{"line":120,"column":2},"end":{"line":194,"column":4}},"35":{"start":{"line":132,"column":14},"end":{"line":132,"column":44}},"36":{"start":{"line":154,"column":33},"end":{"line":156,"column":15}},"37":{"start":{"line":155,"column":25},"end":{"line":155,"column":49}},"38":{"start":{"line":157,"column":14},"end":{"line":157,"column":48}},"39":{"start":{"line":167,"column":14},"end":{"line":167,"column":26}},"40":{"start":{"line":176,"column":10},"end":{"line":190,"column":17}}},"fnMap":{"0":{"name":"(anonymous_0)","decl":{"start":{"line":7,"column":13},"end":{"line":7,"column":14}},"loc":{"start":{"line":7,"column":19},"end":{"line":195,"column":1}},"line":7},"1":{"name":"(anonymous_1)","decl":{"start":{"line":13,"column":12},"end":{"line":13,"column":13}},"loc":{"start":{"line":13,"column":18},"end":{"line":15,"column":3}},"line":13},"2":{"name":"(anonymous_2)","decl":{"start":{"line":17,"column":20},"end":{"line":17,"column":21}},"loc":{"start":{"line":17,"column":32},"end":{"line":41,"column":3}},"line":17},"3":{"name":"(anonymous_3)","decl":{"start":{"line":100,"column":24},"end":{"line":100,"column":25}},"loc":{"start":{"line":100,"column":30},"end":{"line":118,"column":3}},"line":100},"4":{"name":"(anonymous_4)","decl":{"start":{"line":105,"column":55},"end":{"line":105,"column":56}},"loc":{"start":{"line":105,"column":64},"end":{"line":116,"column":3}},"line":105},"5":{"name":"(anonymous_5)","decl":{"start":{"line":111,"column":20},"end":{"line":111,"column":21}},"loc":{"start":{"line":112,"column":8},"end":{"line":112,"column":48}},"line":112},"6":{"name":"(anonymous_6)","decl":{"start":{"line":131,"column":22},"end":{"line":131,"column":23}},"loc":{"start":{"line":131,"column":29},"end":{"line":133,"column":13}},"line":131},"7":{"name":"(anonymous_7)","decl":{"start":{"line":153,"column":21},"end":{"line":153,"column":22}},"loc":{"start":{"line":153,"column":27},"end":{"line":158,"column":13}},"line":153},"8":{"name":"(anonymous_8)","decl":{"start":{"line":155,"column":16},"end":{"line":155,"column":17}},"loc":{"start":{"line":155,"column":25},"end":{"line":155,"column":49}},"line":155},"9":{"name":"(anonymous_9)","decl":{"start":{"line":166,"column":21},"end":{"line":166,"column":22}},"loc":{"start":{"line":166,"column":27},"end":{"line":168,"column":13}},"line":166},"10":{"name":"(anonymous_10)","decl":{"start":{"line":175,"column":32},"end":{"line":175,"column":33}},"loc":{"start":{"line":176,"column":10},"end":{"line":190,"column":17}},"line":176}},"branchMap":{"0":{"loc":{"start":{"line":30,"column":8},"end":{"line":33,"column":9}},"type":"if","locations":[{"start":{"line":30,"column":8},"end":{"line":33,"column":9}},{"start":{},"end":{}}],"line":30},"1":{"loc":{"start":{"line":49,"column":2},"end":{"line":56,"column":3}},"type":"if","locations":[{"start":{"line":49,"column":2},"end":{"line":56,"column":3}},{"start":{},"end":{}}],"line":49},"2":{"loc":{"start":{"line":101,"column":4},"end":{"line":104,"column":5}},"type":"if","locations":[{"start":{"line":101,"column":4},"end":{"line":104,"column":5}},{"start":{},"end":{}}],"line":101},"3":{"loc":{"start":{"line":110,"column":6},"end":{"line":114,"column":60}},"type":"binary-expr","locations":[{"start":{"line":110,"column":6},"end":{"line":110,"column":44}},{"start":{"line":111,"column":6},"end":{"line":113,"column":7}},{"start":{"line":114,"column":6},"end":{"line":114,"column":60}}],"line":110},"4":{"loc":{"start":{"line":120,"column":9},"end":{"line":194,"column":3}},"type":"cond-expr","locations":[{"start":{"line":121,"column":4},"end":{"line":121,"column":15}},{"start":{"line":123,"column":4},"end":{"line":193,"column":10}}],"line":120}},"s":{"0":1,"1":10,"2":9,"3":9,"4":9,"5":3,"6":9,"7":4,"8":4,"9":4,"10":4,"11":4,"12":4,"13":4,"14":8,"15":8,"16":4,"17":4,"18":4,"19":4,"20":0,"21":9,"22":9,"23":0,"24":9,"25":1,"26":0,"27":0,"28":1,"29":20,"30":20,"31":20,"32":70,"33":1,"34":9,"35":1,"36":1,"37":20,"38":1,"39":1,"40":89},"f":{"0":10,"1":3,"2":4,"3":1,"4":20,"5":70,"6":1,"7":1,"8":20,"9":1,"10":89},"b":{"0":[4,4],"1":[0,9],"2":[0,1],"3":[20,19,15],"4":[3,6]},"_coverageSchema":"1a1c01bbd47fc00a2c39e90264f33305004495a9","hash":"70afbec971c5cf7a743511f7f72908f12c6a4d7e"}
,"F:\\react_p\\src\\components\\Cart.js": {"path":"F:\\react_p\\src\\components\\Cart.js","statementMap":{"0":{"start":{"line":5,"column":13},"end":{"line":30,"column":1}},"1":{"start":{"line":6,"column":20},"end":{"line":6,"column":60}},"2":{"start":{"line":6,"column":43},"end":{"line":6,"column":59}},"3":{"start":{"line":8,"column":19},"end":{"line":8,"column":32}},"4":{"start":{"line":10,"column":26},"end":{"line":12,"column":3}},"5":{"start":{"line":11,"column":4},"end":{"line":11,"column":26}},"6":{"start":{"line":14,"column":2},"end":{"line":29,"column":4}}},"fnMap":{"0":{"name":"(anonymous_0)","decl":{"start":{"line":5,"column":13},"end":{"line":5,"column":14}},"loc":{"start":{"line":5,"column":19},"end":{"line":30,"column":1}},"line":5},"1":{"name":"(anonymous_1)","decl":{"start":{"line":6,"column":32},"end":{"line":6,"column":33}},"loc":{"start":{"line":6,"column":43},"end":{"line":6,"column":59}},"line":6},"2":{"name":"(anonymous_2)","decl":{"start":{"line":10,"column":26},"end":{"line":10,"column":27}},"loc":{"start":{"line":10,"column":32},"end":{"line":12,"column":3}},"line":10}},"branchMap":{"0":{"loc":{"start":{"line":25,"column":11},"end":{"line":25,"column":58}},"type":"binary-expr","locations":[{"start":{"line":25,"column":11},"end":{"line":25,"column":32}},{"start":{"line":25,"column":36},"end":{"line":25,"column":58}}],"line":25}},"s":{"0":1,"1":1,"2":2,"3":1,"4":1,"5":0,"6":1},"f":{"0":1,"1":2,"2":0},"b":{"0":[1,1]},"_coverageSchema":"1a1c01bbd47fc00a2c39e90264f33305004495a9","hash":"59abf52c6b4f8e7e9ca0a124d3784cd40b37971f"}
,"F:\\react_p\\src\\components\\Contact.js": {"path":"F:\\react_p\\src\\components\\Contact.js","statementMap":{"0":{"start":{"line":1,"column":16},"end":{"line":22,"column":1}},"1":{"start":{"line":2,"column":2},"end":{"line":21,"column":4}}},"fnMap":{"0":{"name":"(anonymous_0)","decl":{"start":{"line":1,"column":16},"end":{"line":1,"column":17}},"loc":{"start":{"line":1,"column":22},"end":{"line":22,"column":1}},"line":1}},"branchMap":{},"s":{"0":1,"1":6},"f":{"0":6},"b":{},"_coverageSchema":"1a1c01bbd47fc00a2c39e90264f33305004495a9","hash":"0d24a165d35bdd26b6d2cca7163dfa3bc3bd052e"}
,"F:\\react_p\\src\\components\\Header.js": {"path":"F:\\react_p\\src\\components\\Header.js","statementMap":{"0":{"start":{"line":7,"column":15},"end":{"line":60,"column":1}},"1":{"start":{"line":8,"column":42},"end":{"line":8,"column":59}},"2":{"start":{"line":10,"column":23},"end":{"line":10,"column":40}},"3":{"start":{"line":12,"column":25},"end":{"line":12,"column":48}},"4":{"start":{"line":15,"column":20},"end":{"line":15,"column":60}},"5":{"start":{"line":15,"column":43},"end":{"line":15,"column":59}},"6":{"start":{"line":17,"column":2},"end":{"line":59,"column":4}},"7":{"start":{"line":46,"column":16},"end":{"line":48,"column":46}}},"fnMap":{"0":{"name":"(anonymous_0)","decl":{"start":{"line":7,"column":15},"end":{"line":7,"column":16}},"loc":{"start":{"line":7,"column":21},"end":{"line":60,"column":1}},"line":7},"1":{"name":"(anonymous_1)","decl":{"start":{"line":15,"column":32},"end":{"line":15,"column":33}},"loc":{"start":{"line":15,"column":43},"end":{"line":15,"column":59}},"line":15},"2":{"name":"(anonymous_2)","decl":{"start":{"line":45,"column":23},"end":{"line":45,"column":24}},"loc":{"start":{"line":45,"column":29},"end":{"line":49,"column":15}},"line":45}},"branchMap":{"0":{"loc":{"start":{"line":29,"column":48},"end":{"line":29,"column":74}},"type":"cond-expr","locations":[{"start":{"line":29,"column":63},"end":{"line":29,"column":67}},{"start":{"line":29,"column":70},"end":{"line":29,"column":74}}],"line":29},"1":{"loc":{"start":{"line":46,"column":16},"end":{"line":48,"column":45}},"type":"cond-expr","locations":[{"start":{"line":47,"column":20},"end":{"line":47,"column":45}},{"start":{"line":48,"column":20},"end":{"line":48,"column":45}}],"line":46}},"s":{"0":2,"1":6,"2":6,"3":6,"4":6,"5":11,"6":6,"7":1},"f":{"0":6,"1":11,"2":1},"b":{"0":[6,0],"1":[1,0]},"_coverageSchema":"1a1c01bbd47fc00a2c39e90264f33305004495a9","hash":"a7eccb6b6dc27af659cb2f4356f4ed0eb70ff542"}
,"F:\\react_p\\src\\components\\ItemList.js": {"path":"F:\\react_p\\src\\components\\ItemList.js","statementMap":{"0":{"start":{"line":4,"column":17},"end":{"line":54,"column":1}},"1":{"start":{"line":5,"column":19},"end":{"line":5,"column":32}},"2":{"start":{"line":7,"column":24},"end":{"line":10,"column":3}},"3":{"start":{"line":9,"column":4},"end":{"line":9,"column":28}},"4":{"start":{"line":12,"column":2},"end":{"line":53,"column":4}},"5":{"start":{"line":15,"column":8},"end":{"line":50,"column":14}},"6":{"start":{"line":44,"column":31},"end":{"line":44,"column":50}}},"fnMap":{"0":{"name":"(anonymous_0)","decl":{"start":{"line":4,"column":17},"end":{"line":4,"column":18}},"loc":{"start":{"line":4,"column":32},"end":{"line":54,"column":1}},"line":4},"1":{"name":"(anonymous_1)","decl":{"start":{"line":7,"column":24},"end":{"line":7,"column":25}},"loc":{"start":{"line":7,"column":34},"end":{"line":10,"column":3}},"line":7},"2":{"name":"(anonymous_2)","decl":{"start":{"line":14,"column":17},"end":{"line":14,"column":18}},"loc":{"start":{"line":15,"column":8},"end":{"line":50,"column":14}},"line":15},"3":{"name":"(anonymous_3)","decl":{"start":{"line":44,"column":25},"end":{"line":44,"column":26}},"loc":{"start":{"line":44,"column":31},"end":{"line":44,"column":50}},"line":44}},"branchMap":{"0":{"loc":{"start":{"line":26,"column":17},"end":{"line":28,"column":53}},"type":"cond-expr","locations":[{"start":{"line":27,"column":20},"end":{"line":27,"column":46}},{"start":{"line":28,"column":20},"end":{"line":28,"column":53}}],"line":26}},"s":{"0":1,"1":1,"2":1,"3":0,"4":1,"5":0,"6":0},"f":{"0":1,"1":0,"2":0,"3":0},"b":{"0":[0,0]},"_coverageSchema":"1a1c01bbd47fc00a2c39e90264f33305004495a9","hash":"f20d9d9f12769fb87d8a0e6b40c36c762e69c58e"}
,"F:\\react_p\\src\\components\\RestaurantCard.js": {"path":"F:\\react_p\\src\\components\\RestaurantCard.js","statementMap":{"0":{"start":{"line":1,"column":23},"end":{"line":34,"column":1}},"1":{"start":{"line":2,"column":22},"end":{"line":2,"column":27}},"2":{"start":{"line":12,"column":6},"end":{"line":12,"column":19}},"3":{"start":{"line":13,"column":2},"end":{"line":33,"column":4}}},"fnMap":{"0":{"name":"(anonymous_0)","decl":{"start":{"line":1,"column":23},"end":{"line":1,"column":24}},"loc":{"start":{"line":1,"column":34},"end":{"line":34,"column":1}},"line":1}},"branchMap":{},"s":{"0":2,"1":89,"2":89,"3":89},"f":{"0":89},"b":{},"_coverageSchema":"1a1c01bbd47fc00a2c39e90264f33305004495a9","hash":"1f891bf26101a6b739e4840298fb1f7a6815c39f"}
,"F:\\react_p\\src\\components\\RestaurantCategory.js": {"path":"F:\\react_p\\src\\components\\RestaurantCategory.js","statementMap":{"0":{"start":{"line":4,"column":27},"end":{"line":25,"column":1}},"1":{"start":{"line":6,"column":22},"end":{"line":8,"column":3}},"2":{"start":{"line":7,"column":4},"end":{"line":7,"column":19}},"3":{"start":{"line":9,"column":2},"end":{"line":24,"column":4}}},"fnMap":{"0":{"name":"(anonymous_0)","decl":{"start":{"line":4,"column":27},"end":{"line":4,"column":28}},"loc":{"start":{"line":4,"column":66},"end":{"line":25,"column":1}},"line":4},"1":{"name":"(anonymous_1)","decl":{"start":{"line":6,"column":22},"end":{"line":6,"column":23}},"loc":{"start":{"line":6,"column":28},"end":{"line":8,"column":3}},"line":6}},"branchMap":{"0":{"loc":{"start":{"line":21,"column":9},"end":{"line":21,"column":57}},"type":"binary-expr","locations":[{"start":{"line":21,"column":9},"end":{"line":21,"column":18}},{"start":{"line":21,"column":22},"end":{"line":21,"column":57}}],"line":21}},"s":{"0":1,"1":8,"2":0,"3":8},"f":{"0":8,"1":0},"b":{"0":[8,0]},"_coverageSchema":"1a1c01bbd47fc00a2c39e90264f33305004495a9","hash":"de130cdc43f481d35615786bd7a6f17c7078744b"}
,"F:\\react_p\\src\\components\\Shimmer.js": {"path":"F:\\react_p\\src\\components\\Shimmer.js","statementMap":{"0":{"start":{"line":1,"column":16},"end":{"line":14,"column":1}},"1":{"start":{"line":2,"column":4},"end":{"line":13,"column":10}}},"fnMap":{"0":{"name":"(anonymous_0)","decl":{"start":{"line":1,"column":16},"end":{"line":1,"column":17}},"loc":{"start":{"line":1,"column":22},"end":{"line":14,"column":1}},"line":1}},"branchMap":{},"s":{"0":2,"1":4},"f":{"0":4},"b":{},"_coverageSchema":"1a1c01bbd47fc00a2c39e90264f33305004495a9","hash":"7ac40e0fd810bf3395819adaddb688089e4a89a3"}
,"F:\\react_p\\src\\components\\sum.js": {"path":"F:\\react_p\\src\\components\\sum.js","statementMap":{"0":{"start":{"line":1,"column":19},"end":{"line":3,"column":1}},"1":{"start":{"line":2,"column":2},"end":{"line":2,"column":15}}},"fnMap":{"0":{"name":"(anonymous_0)","decl":{"start":{"line":1,"column":19},"end":{"line":1,"column":20}},"loc":{"start":{"line":1,"column":29},"end":{"line":3,"column":1}},"line":1}},"branchMap":{},"s":{"0":1,"1":1},"f":{"0":1},"b":{},"_coverageSchema":"1a1c01bbd47fc00a2c39e90264f33305004495a9","hash":"5e0c2baaa3f0285d4fc9be67950386d9be79e977"}
,"F:\\react_p\\utils\\UserContext.js": {"path":"F:\\react_p\\utils\\UserContext.js","statementMap":{"0":{"start":{"line":3,"column":20},"end":{"line":5,"column":2}}},"fnMap":{},"branchMap":{},"s":{"0":2},"f":{},"b":{},"_coverageSchema":"1a1c01bbd47fc00a2c39e90264f33305004495a9","hash":"99ac4bb15e56c65bbfdb262fb76158ed8b126c6b"}
,"F:\\react_p\\utils\\appStore.js": {"path":"F:\\react_p\\utils\\appStore.js","statementMap":{"0":{"start":{"line":5,"column":17},"end":{"line":10,"column":2}}},"fnMap":{},"branchMap":{},"s":{"0":2},"f":{},"b":{},"_coverageSchema":"1a1c01bbd47fc00a2c39e90264f33305004495a9","hash":"3786955ee52556e1dfa2ef2052140aadab425734"}
,"F:\\react_p\\utils\\cartSlice.js": {"path":"F:\\react_p\\utils\\cartSlice.js","statementMap":{"0":{"start":{"line":3,"column":18},"end":{"line":23,"column":2}},"1":{"start":{"line":11,"column":6},"end":{"line":11,"column":39}},"2":{"start":{"line":14,"column":6},"end":{"line":14,"column":24}},"3":{"start":{"line":18,"column":6},"end":{"line":18,"column":29}},"4":{"start":{"line":25,"column":50},"end":{"line":25,"column":67}}},"fnMap":{"0":{"name":"(anonymous_0)","decl":{"start":{"line":10,"column":13},"end":{"line":10,"column":14}},"loc":{"start":{"line":10,"column":32},"end":{"line":12,"column":5}},"line":10},"1":{"name":"(anonymous_1)","decl":{"start":{"line":13,"column":16},"end":{"line":13,"column":17}},"loc":{"start":{"line":13,"column":27},"end":{"line":15,"column":5}},"line":13},"2":{"name":"(anonymous_2)","decl":{"start":{"line":16,"column":15},"end":{"line":16,"column":16}},"loc":{"start":{"line":16,"column":26},"end":{"line":21,"column":5}},"line":16}},"branchMap":{},"s":{"0":2,"1":0,"2":0,"3":0,"4":2},"f":{"0":0,"1":0,"2":0},"b":{},"_coverageSchema":"1a1c01bbd47fc00a2c39e90264f33305004495a9","hash":"12131b9e57287e6075ca4f1f13ff95cb1713eba8"}
,"F:\\react_p\\utils\\useOnlineStatus.js": {"path":"F:\\react_p\\utils\\useOnlineStatus.js","statementMap":{"0":{"start":{"line":3,"column":24},"end":{"line":19,"column":1}},"1":{"start":{"line":4,"column":42},"end":{"line":4,"column":56}},"2":{"start":{"line":7,"column":2},"end":{"line":15,"column":9}},"3":{"start":{"line":8,"column":4},"end":{"line":10,"column":7}},"4":{"start":{"line":9,"column":6},"end":{"line":9,"column":28}},"5":{"start":{"line":12,"column":4},"end":{"line":14,"column":7}},"6":{"start":{"line":13,"column":6},"end":{"line":13,"column":29}},"7":{"start":{"line":18,"column":2},"end":{"line":18,"column":22}}},"fnMap":{"0":{"name":"(anonymous_0)","decl":{"start":{"line":3,"column":24},"end":{"line":3,"column":25}},"loc":{"start":{"line":3,"column":30},"end":{"line":19,"column":1}},"line":3},"1":{"name":"(anonymous_1)","decl":{"start":{"line":7,"column":12},"end":{"line":7,"column":13}},"loc":{"start":{"line":7,"column":18},"end":{"line":15,"column":3}},"line":7},"2":{"name":"(anonymous_2)","decl":{"start":{"line":8,"column":38},"end":{"line":8,"column":39}},"loc":{"start":{"line":8,"column":44},"end":{"line":10,"column":5}},"line":8},"3":{"name":"(anonymous_3)","decl":{"start":{"line":12,"column":39},"end":{"line":12,"column":40}},"loc":{"start":{"line":12,"column":45},"end":{"line":14,"column":5}},"line":12}},"branchMap":{},"s":{"0":3,"1":15,"2":15,"3":8,"4":0,"5":8,"6":0,"7":15},"f":{"0":15,"1":8,"2":0,"3":0},"b":{},"_coverageSchema":"1a1c01bbd47fc00a2c39e90264f33305004495a9","hash":"456fd82c6339d7a14a6a61f04787e3a415dc52eb"}
,"F:\\react_p\\utils\\useRestaurantMenu.js": {"path":"F:\\react_p\\utils\\useRestaurantMenu.js","statementMap":{"0":{"start":{"line":3,"column":26},"end":{"line":74,"column":1}},"1":{"start":{"line":4,"column":32},"end":{"line":4,"column":46}},"2":{"start":{"line":6,"column":2},"end":{"line":8,"column":9}},"3":{"start":{"line":7,"column":4},"end":{"line":7,"column":16}},"4":{"start":{"line":10,"column":20},"end":{"line":48,"column":3}},"5":{"start":{"line":11,"column":4},"end":{"line":47,"column":5}},"6":{"start":{"line":12,"column":23},"end":{"line":15,"column":7}},"7":{"start":{"line":16,"column":19},"end":{"line":16,"column":40}},"8":{"start":{"line":17,"column":6},"end":{"line":17,"column":24}},"9":{"start":{"line":18,"column":27},"end":{"line":18,"column":31}},"10":{"start":{"line":19,"column":22},"end":{"line":19,"column":24}},"11":{"start":{"line":20,"column":27},"end":{"line":20,"column":29}},"12":{"start":{"line":23,"column":6},"end":{"line":42,"column":7}},"13":{"start":{"line":24,"column":8},"end":{"line":41,"column":9}},"14":{"start":{"line":24,"column":21},"end":{"line":24,"column":22}},"15":{"start":{"line":25,"column":23},"end":{"line":25,"column":41}},"16":{"start":{"line":26,"column":10},"end":{"line":28,"column":11}},"17":{"start":{"line":27,"column":12},"end":{"line":27,"column":49}},"18":{"start":{"line":29,"column":10},"end":{"line":40,"column":11}},"19":{"start":{"line":30,"column":33},"end":{"line":30,"column":76}},"20":{"start":{"line":31,"column":12},"end":{"line":39,"column":13}},"21":{"start":{"line":31,"column":25},"end":{"line":31,"column":26}},"22":{"start":{"line":32,"column":34},"end":{"line":32,"column":49}},"23":{"start":{"line":33,"column":14},"end":{"line":35,"column":15}},"24":{"start":{"line":34,"column":16},"end":{"line":34,"column":60}},"25":{"start":{"line":36,"column":14},"end":{"line":38,"column":15}},"26":{"start":{"line":37,"column":16},"end":{"line":37,"column":59}},"27":{"start":{"line":44,"column":6},"end":{"line":44,"column":64}},"28":{"start":{"line":46,"column":6},"end":{"line":46,"column":51}},"29":{"start":{"line":73,"column":2},"end":{"line":73,"column":17}}},"fnMap":{"0":{"name":"(anonymous_0)","decl":{"start":{"line":3,"column":26},"end":{"line":3,"column":27}},"loc":{"start":{"line":3,"column":37},"end":{"line":74,"column":1}},"line":3},"1":{"name":"(anonymous_1)","decl":{"start":{"line":6,"column":12},"end":{"line":6,"column":13}},"loc":{"start":{"line":6,"column":18},"end":{"line":8,"column":3}},"line":6},"2":{"name":"(anonymous_2)","decl":{"start":{"line":10,"column":20},"end":{"line":10,"column":21}},"loc":{"start":{"line":10,"column":32},"end":{"line":48,"column":3}},"line":10}},"branchMap":{"0":{"loc":{"start":{"line":23,"column":6},"end":{"line":42,"column":7}},"type":"if","locations":[{"start":{"line":23,"column":6},"end":{"line":42,"column":7}},{"start":{},"end":{}}],"line":23},"1":{"loc":{"start":{"line":26,"column":10},"end":{"line":28,"column":11}},"type":"if","locations":[{"start":{"line":26,"column":10},"end":{"line":28,"column":11}},{"start":{},"end":{}}],"line":26},"2":{"loc":{"start":{"line":29,"column":10},"end":{"line":40,"column":11}},"type":"if","locations":[{"start":{"line":29,"column":10},"end":{"line":40,"column":11}},{"start":{},"end":{}}],"line":29},"3":{"loc":{"start":{"line":33,"column":14},"end":{"line":35,"column":15}},"type":"if","locations":[{"start":{"line":33,"column":14},"end":{"line":35,"column":15}},{"start":{},"end":{}}],"line":33},"4":{"loc":{"start":{"line":36,"column":14},"end":{"line":38,"column":15}},"type":"if","locations":[{"start":{"line":36,"column":14},"end":{"line":38,"column":15}},{"start":{},"end":{}}],"line":36}},"s":{"0":1,"1":2,"2":2,"3":1,"4":2,"5":1,"6":1,"7":1,"8":1,"9":1,"10":1,"11":1,"12":1,"13":1,"14":1,"15":5,"16":5,"17":1,"18":5,"19":1,"20":1,"21":1,"22":14,"23":14,"24":8,"25":14,"26":8,"27":1,"28":0,"29":2},"f":{"0":2,"1":1,"2":1},"b":{"0":[1,0],"1":[1,4],"2":[1,4],"3":[8,6],"4":[8,6]},"_coverageSchema":"1a1c01bbd47fc00a2c39e90264f33305004495a9","hash":"92c2f9889074410133ade44686c5f50326ca0874"}
}
