TN:
SF:src\RestaurentMenu.js
FN:7,(anonymous_0)
FN:29,(anonymous_1)
FN:34,(anonymous_2)
FNF:3
FNH:2
FNDA:2,(anonymous_0)
FNDA:8,(anonymous_1)
FNDA:0,(anonymous_2)
DA:7,1
DA:8,2
DA:9,2
DA:11,2
DA:13,2
DA:15,1
DA:16,1
DA:22,1
DA:30,8
DA:34,0
LF:10
LH:9
BRDA:13,0,0,1
BRDA:13,0,1,1
BRDA:28,1,0,1
BRDA:28,1,1,0
BRDA:33,2,0,0
BRDA:33,2,1,8
BRF:6
BRH:4
end_of_record
TN:
SF:src\components\Body.js
FN:7,(anonymous_0)
FN:13,(anonymous_1)
FN:17,(anonymous_2)
FN:100,(anonymous_3)
FN:105,(anonymous_4)
FN:111,(anonymous_5)
FN:131,(anonymous_6)
FN:153,(anonymous_7)
FN:155,(anonymous_8)
FN:166,(anonymous_9)
FN:175,(anonymous_10)
FNF:11
FNH:11
FNDA:10,(anonymous_0)
FNDA:3,(anonymous_1)
FNDA:4,(anonymous_2)
FNDA:1,(anonymous_3)
FNDA:20,(anonymous_4)
FNDA:70,(anonymous_5)
FNDA:1,(anonymous_6)
FNDA:1,(anonymous_7)
FNDA:20,(anonymous_8)
FNDA:1,(anonymous_9)
FNDA:89,(anonymous_10)
DA:7,1
DA:8,10
DA:9,9
DA:11,9
DA:13,9
DA:14,3
DA:17,9
DA:18,4
DA:19,4
DA:24,4
DA:25,4
DA:27,4
DA:28,4
DA:29,8
DA:30,8
DA:31,4
DA:32,4
DA:36,4
DA:37,4
DA:39,0
DA:44,9
DA:49,9
DA:50,0
DA:100,9
DA:101,1
DA:102,0
DA:103,0
DA:105,1
DA:106,20
DA:107,20
DA:109,20
DA:112,70
DA:117,1
DA:120,9
DA:132,1
DA:154,1
DA:155,20
DA:157,1
DA:167,1
DA:176,89
LF:40
LH:36
BRDA:30,0,0,4
BRDA:30,0,1,4
BRDA:49,1,0,0
BRDA:49,1,1,9
BRDA:101,2,0,0
BRDA:101,2,1,1
BRDA:110,3,0,20
BRDA:110,3,1,19
BRDA:110,3,2,15
BRDA:120,4,0,3
BRDA:120,4,1,6
BRF:11
BRH:9
end_of_record
TN:
SF:src\components\Cart.js
FN:5,(anonymous_0)
FN:6,(anonymous_1)
FN:10,(anonymous_2)
FNF:3
FNH:2
FNDA:1,(anonymous_0)
FNDA:2,(anonymous_1)
FNDA:0,(anonymous_2)
DA:5,1
DA:6,2
DA:8,1
DA:10,1
DA:11,0
DA:14,1
LF:6
LH:5
BRDA:25,0,0,1
BRDA:25,0,1,1
BRF:2
BRH:2
end_of_record
TN:
SF:src\components\Contact.js
FN:1,(anonymous_0)
FNF:1
FNH:1
FNDA:6,(anonymous_0)
DA:1,1
DA:2,6
LF:2
LH:2
BRF:0
BRH:0
end_of_record
TN:
SF:src\components\Header.js
FN:7,(anonymous_0)
FN:15,(anonymous_1)
FN:45,(anonymous_2)
FNF:3
FNH:3
FNDA:6,(anonymous_0)
FNDA:11,(anonymous_1)
FNDA:1,(anonymous_2)
DA:7,2
DA:8,6
DA:10,6
DA:12,6
DA:15,11
DA:17,6
DA:46,1
LF:7
LH:7
BRDA:29,0,0,6
BRDA:29,0,1,0
BRDA:46,1,0,1
BRDA:46,1,1,0
BRF:4
BRH:2
end_of_record
TN:
SF:src\components\ItemList.js
FN:4,(anonymous_0)
FN:7,(anonymous_1)
FN:14,(anonymous_2)
FN:44,(anonymous_3)
FNF:4
FNH:1
FNDA:1,(anonymous_0)
FNDA:0,(anonymous_1)
FNDA:0,(anonymous_2)
FNDA:0,(anonymous_3)
DA:4,1
DA:5,1
DA:7,1
DA:9,0
DA:12,1
DA:15,0
DA:44,0
LF:7
LH:4
BRDA:26,0,0,0
BRDA:26,0,1,0
BRF:2
BRH:0
end_of_record
TN:
SF:src\components\RestaurantCard.js
FN:1,(anonymous_0)
FNF:1
FNH:1
FNDA:89,(anonymous_0)
DA:1,2
DA:2,89
DA:12,89
DA:13,89
LF:4
LH:4
BRF:0
BRH:0
end_of_record
TN:
SF:src\components\RestaurantCategory.js
FN:4,(anonymous_0)
FN:6,(anonymous_1)
FNF:2
FNH:1
FNDA:8,(anonymous_0)
FNDA:0,(anonymous_1)
DA:4,1
DA:6,8
DA:7,0
DA:9,8
LF:4
LH:3
BRDA:21,0,0,8
BRDA:21,0,1,0
BRF:2
BRH:1
end_of_record
TN:
SF:src\components\Shimmer.js
FN:1,(anonymous_0)
FNF:1
FNH:1
FNDA:4,(anonymous_0)
DA:1,2
DA:2,4
LF:2
LH:2
BRF:0
BRH:0
end_of_record
TN:
SF:src\components\sum.js
FN:1,(anonymous_0)
FNF:1
FNH:1
FNDA:1,(anonymous_0)
DA:1,1
DA:2,1
LF:2
LH:2
BRF:0
BRH:0
end_of_record
TN:
SF:utils\UserContext.js
FNF:0
FNH:0
DA:3,2
LF:1
LH:1
BRF:0
BRH:0
end_of_record
TN:
SF:utils\appStore.js
FNF:0
FNH:0
DA:5,2
LF:1
LH:1
BRF:0
BRH:0
end_of_record
TN:
SF:utils\cartSlice.js
FN:10,(anonymous_0)
FN:13,(anonymous_1)
FN:16,(anonymous_2)
FNF:3
FNH:0
FNDA:0,(anonymous_0)
FNDA:0,(anonymous_1)
FNDA:0,(anonymous_2)
DA:3,2
DA:11,0
DA:14,0
DA:18,0
DA:25,2
LF:5
LH:2
BRF:0
BRH:0
end_of_record
TN:
SF:utils\useOnlineStatus.js
FN:3,(anonymous_0)
FN:7,(anonymous_1)
FN:8,(anonymous_2)
FN:12,(anonymous_3)
FNF:4
FNH:2
FNDA:15,(anonymous_0)
FNDA:8,(anonymous_1)
FNDA:0,(anonymous_2)
FNDA:0,(anonymous_3)
DA:3,3
DA:4,15
DA:7,15
DA:8,8
DA:9,0
DA:12,8
DA:13,0
DA:18,15
LF:8
LH:6
BRF:0
BRH:0
end_of_record
TN:
SF:utils\useRestaurantMenu.js
FN:3,(anonymous_0)
FN:6,(anonymous_1)
FN:10,(anonymous_2)
FNF:3
FNH:3
FNDA:2,(anonymous_0)
FNDA:1,(anonymous_1)
FNDA:1,(anonymous_2)
DA:3,1
DA:4,2
DA:6,2
DA:7,1
DA:10,2
DA:11,1
DA:12,1
DA:16,1
DA:17,1
DA:18,1
DA:19,1
DA:20,1
DA:23,1
DA:24,1
DA:25,5
DA:26,5
DA:27,1
DA:29,5
DA:30,1
DA:31,1
DA:32,14
DA:33,14
DA:34,8
DA:36,14
DA:37,8
DA:44,1
DA:46,0
DA:73,2
LF:28
LH:27
BRDA:23,0,0,1
BRDA:23,0,1,0
BRDA:26,1,0,1
BRDA:26,1,1,4
BRDA:29,2,0,1
BRDA:29,2,1,4
BRDA:33,3,0,8
BRDA:33,3,1,6
BRDA:36,4,0,8
BRDA:36,4,1,6
BRF:10
BRH:9
end_of_record
